0 info it worked if it ends with ok
1 verbose cli [
1 verbose cli   'C:\\Program Files\\nodejs\\node.exe',
1 verbose cli   'C:\\Users\\7eminar\\AppData\\Roaming\\npm\\node_modules\\npm\\bin\\npm-cli.js',
1 verbose cli   'run',
1 verbose cli   'development',
1 verbose cli   '--',
1 verbose cli   '--watch'
1 verbose cli ]
2 info using npm@3.10.10
3 info using node@v12.13.0
4 verbose run-script [ 'predevelopment', 'development', 'postdevelopment' ]
5 info lifecycle @~predevelopment: @
6 silly lifecycle @~predevelopment: no script for predevelopment, continuing
7 info lifecycle @~development: @
8 verbose lifecycle @~development: unsafe-perm in lifecycle true
9 verbose lifecycle @~development: PATH: C:\Users\7eminar\AppData\Roaming\npm\node_modules\npm\bin\node-gyp-bin;C:\Projects\7eminar\storage\app\public\pages\epress\msfz_february2020_2\node_modules\.bin;C:\Users\7eminar\AppData\Local\Temp\yarn--1582035687761-0.6196495248577496;C:\Projects\7eminar\storage\app\public\pages\epress\msfz_february2020_2\node_modules\.bin;C:\Users\7eminar\AppData\Local\Yarn\Data\link\node_modules\.bin;C:\Users\7eminar\AppData\Local\Yarn\bin;C:\Program Files\libexec\lib\node_modules\npm\bin\node-gyp-bin;C:\Program Files\lib\node_modules\npm\bin\node-gyp-bin;C:\Program Files\nodejs\node_modules\npm\bin\node-gyp-bin;C:\Projects\7eminar\node_modules\.bin;C:\Python27\;C:\Python27\Scripts;C:\WINDOWS\system32;C:\WINDOWS;C:\WINDOWS\System32\Wbem;C:\WINDOWS\System32\WindowsPowerShell\v1.0\;C:\WINDOWS\System32\OpenSSH\;C:\ProgramData\ComposerSetup\bin;C:\Program Files\nodejs\;C:\ProgramData\chocolatey\bin;C:\Program Files\Git\cmd;C:\Ruby26-x64\bin;C:\Users\7eminar\AppData\Local\Microsoft\WindowsApps;c:\php;C:\Users\7eminar\AppData\Roaming\Composer\vendor\bin;C:\Users\7eminar\AppData\Roaming\npm
10 verbose lifecycle @~development: CWD: C:\Projects\7eminar\storage\app\public\pages\epress\msfz_february2020_2
11 silly lifecycle @~development: Args: [
11 silly lifecycle   '/d /s /c',
11 silly lifecycle   'cross-env NODE_ENV=development ../node_modules/webpack/bin/webpack.js --progress --hide-modules --config=../node_modules/laravel-mix/setup/webpack.config.js "--watch"'
11 silly lifecycle ]
12 silly lifecycle @~development: Returned: code: 3221225786  signal: null
13 info lifecycle @~development: Failed to exec development script
14 verbose stack Error: @ development: `cross-env NODE_ENV=development ../node_modules/webpack/bin/webpack.js --progress --hide-modules --config=../node_modules/laravel-mix/setup/webpack.config.js "--watch"`
14 verbose stack Exit status 3221225786
14 verbose stack     at EventEmitter.<anonymous> (C:\Users\7eminar\AppData\Roaming\npm\node_modules\npm\lib\utils\lifecycle.js:255:16)
14 verbose stack     at EventEmitter.emit (events.js:210:5)
14 verbose stack     at ChildProcess.<anonymous> (C:\Users\7eminar\AppData\Roaming\npm\node_modules\npm\lib\utils\spawn.js:40:14)
14 verbose stack     at ChildProcess.emit (events.js:210:5)
14 verbose stack     at maybeClose (internal/child_process.js:1021:16)
14 verbose stack     at Process.ChildProcess._handle.onexit (internal/child_process.js:283:5)
15 verbose pkgid @
16 verbose cwd C:\Projects\7eminar\storage\app\public\pages\epress\msfz_february2020_2
17 error Windows_NT 10.0.18362
18 error argv "C:\\Program Files\\nodejs\\node.exe" "C:\\Users\\7eminar\\AppData\\Roaming\\npm\\node_modules\\npm\\bin\\npm-cli.js" "run" "development" "--" "--watch"
19 error node v12.13.0
20 error npm  v3.10.10
21 error code ELIFECYCLE
22 error @ development: `cross-env NODE_ENV=development ../node_modules/webpack/bin/webpack.js --progress --hide-modules --config=../node_modules/laravel-mix/setup/webpack.config.js "--watch"`
22 error Exit status 3221225786
23 error Failed at the @ development script 'cross-env NODE_ENV=development ../node_modules/webpack/bin/webpack.js --progress --hide-modules --config=../node_modules/laravel-mix/setup/webpack.config.js "--watch"'.
23 error Make sure you have the latest version of node.js and npm installed.
23 error If you do, this is most likely a problem with the  package,
23 error not with npm itself.
23 error Tell the author that this fails on your system:
23 error     cross-env NODE_ENV=development ../node_modules/webpack/bin/webpack.js --progress --hide-modules --config=../node_modules/laravel-mix/setup/webpack.config.js "--watch"
23 error You can get information on how to open an issue for this project with:
23 error     npm bugs
23 error Or if that isn't available, you can get their info via:
23 error     npm owner ls
23 error There is likely additional logging output above.
24 verbose exit [ 1, true ]
